<?xml version="1.0" encoding="UTF-8"?>
<!-- Generated by org.testng.reporters.JUnitReportReporter -->
<testsuite hostname="LAPTOP-MUD8M4ML" name="com.Flipcart.Test.LaunchTheBrowserTest" tests="1" failures="0" timestamp="10 Apr 2018 06:16:46 GMT" time="21.132" errors="0">
  <testcase name="launch" time="21.132" classname="com.Flipcart.Test.LaunchTheBrowserTest"/>
</testsuite> <!-- com.Flipcart.Test.LaunchTheBrowserTest -->
