<?xml version="1.0" encoding="UTF-8"?>
<!-- Generated by org.testng.reporters.JUnitReportReporter -->
<testsuite hostname="LAPTOP-MUD8M4ML" name="com.FlipKart.Test.CheckEndToEndFunctionality" tests="1" failures="0" timestamp="10 Apr 2018 11:19:06 GMT" time="11.298" errors="0">
  <testcase name="test_1_launch" time="11.298" classname="com.FlipKart.Test.CheckEndToEndFunctionality"/>
</testsuite> <!-- com.FlipKart.Test.CheckEndToEndFunctionality -->
