<?xml version="1.0" encoding="UTF-8"?>
<!-- Generated by org.testng.reporters.JUnitReportReporter -->
<testsuite name="com.Flipcart.Test.LaunchTheBrowserTest" tests="1" time="30.520" ignored="0" failures="0" timestamp="10 Apr 2018 07:33:29 GMT" skipped="0" hostname="LAPTOP-MUD8M4ML" errors="0">
  <testcase name="launch" time="30.520" classname="com.Flipcart.Test.LaunchTheBrowserTest"/>
</testsuite> <!-- com.Flipcart.Test.LaunchTheBrowserTest -->
